<?xml version="1.0" encoding="UTF-8"?>
<!-- Generated by org.testng.reporters.JUnitReportReporter -->
<testsuite ignored="0" hostname="PE-NB-282" failures="0" tests="1" name="Prueba.revision.AppTest" time="0.035" errors="0" timestamp="12 set. 2020 13:55:49 GMT" skipped="0">
  <testcase classname="Prueba.revision.AppTest" name="shouldAnswerWithTrue" time="0.035"/>
</testsuite> <!-- Prueba.revision.AppTest -->
